[ 2015-09-30T11:02:42+08:00 ] 192.168.159.1 /index.php/index.php?m=Order&a=createOrder
INFO: [ app_begin ] --START--
INFO: ReadHtmlCache Behavior ::run [ RunTime:0.000651s ]
INFO: [ app_begin ] --END-- [ RunTime:0.000683s ]
NOTIC: [2] session_start(): open(/tmp/session/sess_lhfhjp8hq9ab29jp0q04kjr4p0, O_RDWR) failed: No such file or directory (2) /mnt/hgfs/thinkphp313/ThinkPHP/Common/functions.php 第 566 行.
NOTIC: [8] Undefined index:  /mnt/hgfs/thinkphp313/ThinkPHP/Extend/Driver/Cache/CacheRedisGroup.class.php 第 51 行.

[ 2015-09-30T11:12:07+08:00 ] 192.168.159.1 /index.php/index.php?m=Order&a=createOrder
INFO: [ app_begin ] --START--
INFO: ReadHtmlCache Behavior ::run [ RunTime:0.000532s ]
INFO: [ app_begin ] --END-- [ RunTime:0.000563s ]
NOTIC: [2] session_start(): open(/tmp/session/sess_lhfhjp8hq9ab29jp0q04kjr4p0, O_RDWR) failed: No such file or directory (2) /mnt/hgfs/thinkphp313/ThinkPHP/Common/functions.php 第 566 行.
NOTIC: [8] Undefined index:  /mnt/hgfs/thinkphp313/ThinkPHP/Extend/Driver/Cache/CacheRedisGroup.class.php 第 51 行.

[ 2015-09-30T11:13:10+08:00 ] 192.168.159.1 /index.php/index.php?m=Order&a=createOrder
INFO: [ app_begin ] --START--
INFO: ReadHtmlCache Behavior ::run [ RunTime:0.000747s ]
INFO: [ app_begin ] --END-- [ RunTime:0.000790s ]
NOTIC: [2] session_start(): open(/tmp/session/sess_lhfhjp8hq9ab29jp0q04kjr4p0, O_RDWR) failed: No such file or directory (2) /mnt/hgfs/thinkphp313/ThinkPHP/Common/functions.php 第 566 行.
NOTIC: [8] Undefined index:  /mnt/hgfs/thinkphp313/ThinkPHP/Extend/Driver/Cache/CacheRedisGroup.class.php 第 51 行.

[ 2015-09-30T11:52:08+08:00 ] 192.168.159.1 /index.php/index.php?m=Order&a=createOrder
INFO: [ app_begin ] --START--
INFO: ReadHtmlCache Behavior ::run [ RunTime:0.000551s ]
INFO: [ app_begin ] --END-- [ RunTime:0.000580s ]
NOTIC: [2] session_start(): open(/tmp/session/sess_lhfhjp8hq9ab29jp0q04kjr4p0, O_RDWR) failed: No such file or directory (2) /mnt/hgfs/thinkphp313/ThinkPHP/Common/functions.php 第 566 行.
NOTIC: [8] Undefined index:  /mnt/hgfs/thinkphp313/ThinkPHP/Extend/Driver/Cache/CacheRedisGroup.class.php 第 51 行.

[ 2015-09-30T11:59:40+08:00 ] 192.168.159.1 /index.php/index.php?m=Order&a=createOrder
INFO: [ app_begin ] --START--
INFO: ReadHtmlCache Behavior ::run [ RunTime:0.000691s ]
INFO: [ app_begin ] --END-- [ RunTime:0.000729s ]
NOTIC: [2] session_start(): open(/tmp/session/sess_lhfhjp8hq9ab29jp0q04kjr4p0, O_RDWR) failed: No such file or directory (2) /mnt/hgfs/thinkphp313/ThinkPHP/Common/functions.php 第 566 行.
NOTIC: [8192] mysql_escape_string(): This function is deprecated; use mysql_real_escape_string() instead. /mnt/hgfs/thinkphp313/ThinkPHP/Lib/Driver/Db/DbMysql.class.php 第 336 行.
NOTIC: [8192] mysql_escape_string(): This function is deprecated; use mysql_real_escape_string() instead. /mnt/hgfs/thinkphp313/ThinkPHP/Lib/Driver/Db/DbMysql.class.php 第 336 行.
NOTIC: [8192] mysql_connect(): The mysql extension is deprecated and will be removed in the future: use mysqli or PDO instead /mnt/hgfs/thinkphp313/ThinkPHP/Lib/Driver/Db/DbMysql.class.php 第 55 行.
SQL: INSERT INTO `ajia_order` (`order_no`,`pay_type`,`create_time`) VALUES ('542914253076',1,'2015-09-30 11:59:40') [ RunTime:0.001824s ]
NOTIC: [8] Undefined index:  /mnt/hgfs/thinkphp313/ThinkPHP/Extend/Driver/Cache/CacheRedisGroup.class.php 第 51 行.

[ 2015-09-30T12:02:32+08:00 ] 192.168.159.1 /index.php/index.php?m=Order&a=createOrder
INFO: [ app_begin ] --START--
INFO: ReadHtmlCache Behavior ::run [ RunTime:0.000532s ]
INFO: [ app_begin ] --END-- [ RunTime:0.000560s ]
NOTIC: [2] session_start(): open(/tmp/session/sess_lhfhjp8hq9ab29jp0q04kjr4p0, O_RDWR) failed: No such file or directory (2) /mnt/hgfs/thinkphp313/ThinkPHP/Common/functions.php 第 566 行.
NOTIC: [8192] mysql_escape_string(): This function is deprecated; use mysql_real_escape_string() instead. /mnt/hgfs/thinkphp313/ThinkPHP/Lib/Driver/Db/DbMysql.class.php 第 336 行.
NOTIC: [8192] mysql_escape_string(): This function is deprecated; use mysql_real_escape_string() instead. /mnt/hgfs/thinkphp313/ThinkPHP/Lib/Driver/Db/DbMysql.class.php 第 336 行.
NOTIC: [8192] mysql_connect(): The mysql extension is deprecated and will be removed in the future: use mysqli or PDO instead /mnt/hgfs/thinkphp313/ThinkPHP/Lib/Driver/Db/DbMysql.class.php 第 55 行.
SQL: INSERT INTO `ajia_order` (`order_no`,`pay_type`,`create_time`) VALUES ('176549928349',1,'2015-09-30 12:02:32') [ RunTime:0.011525s ]
NOTIC: [8] Undefined index:  /mnt/hgfs/thinkphp313/ThinkPHP/Extend/Driver/Cache/CacheRedisGroup.class.php 第 51 行.

[ 2015-09-30T15:28:05+08:00 ] 192.168.159.1 /index.php/index.php?m=Order&a=createOrder
INFO: [ app_begin ] --START--
INFO: ReadHtmlCache Behavior ::run [ RunTime:0.000870s ]
INFO: [ app_begin ] --END-- [ RunTime:0.000952s ]
NOTIC: [2] session_start(): open(/tmp/session/sess_lhfhjp8hq9ab29jp0q04kjr4p0, O_RDWR) failed: No such file or directory (2) /mnt/hgfs/thinkphp313/ThinkPHP/Common/functions.php 第 566 行.
NOTIC: [8192] mysql_escape_string(): This function is deprecated; use mysql_real_escape_string() instead. /mnt/hgfs/thinkphp313/ThinkPHP/Lib/Driver/Db/DbMysql.class.php 第 336 行.
NOTIC: [8192] mysql_escape_string(): This function is deprecated; use mysql_real_escape_string() instead. /mnt/hgfs/thinkphp313/ThinkPHP/Lib/Driver/Db/DbMysql.class.php 第 336 行.
NOTIC: [8192] mysql_connect(): The mysql extension is deprecated and will be removed in the future: use mysqli or PDO instead /mnt/hgfs/thinkphp313/ThinkPHP/Lib/Driver/Db/DbMysql.class.php 第 55 行.
SQL: INSERT INTO `ajia_order` (`order_no`,`pay_type`,`create_time`) VALUES ('367833723873',1,'2015-09-30 15:28:05') [ RunTime:0.001876s ]
NOTIC: [8] Undefined index:  /mnt/hgfs/thinkphp313/ThinkPHP/Extend/Driver/Cache/CacheRedisGroup.class.php 第 51 行.

[ 2015-09-30T16:26:18+08:00 ] 192.168.159.1 /index.php/index.php?m=Order&a=createOrder
INFO: [ app_begin ] --START--
INFO: ReadHtmlCache Behavior ::run [ RunTime:0.000525s ]
INFO: [ app_begin ] --END-- [ RunTime:0.000553s ]
NOTIC: [2] session_start(): open(/tmp/session/sess_lhfhjp8hq9ab29jp0q04kjr4p0, O_RDWR) failed: No such file or directory (2) /mnt/hgfs/thinkphp313/ThinkPHP/Common/functions.php 第 566 行.
NOTIC: [8192] mysql_escape_string(): This function is deprecated; use mysql_real_escape_string() instead. /mnt/hgfs/thinkphp313/ThinkPHP/Lib/Driver/Db/DbMysql.class.php 第 336 行.
NOTIC: [8192] mysql_escape_string(): This function is deprecated; use mysql_real_escape_string() instead. /mnt/hgfs/thinkphp313/ThinkPHP/Lib/Driver/Db/DbMysql.class.php 第 336 行.
NOTIC: [8192] mysql_connect(): The mysql extension is deprecated and will be removed in the future: use mysqli or PDO instead /mnt/hgfs/thinkphp313/ThinkPHP/Lib/Driver/Db/DbMysql.class.php 第 55 行.
SQL: INSERT INTO `ajia_order` (`order_no`,`pay_type`,`create_time`) VALUES ('864194116598',1,'2015-09-30 16:26:18') [ RunTime:0.009523s ]
NOTIC: [8] Undefined index:  /mnt/hgfs/thinkphp313/ThinkPHP/Extend/Driver/Cache/CacheRedisGroup.class.php 第 51 行.

