[ 2015-10-09T09:06:01+08:00 ] ERR: -*-*-*-*-*-*SELECT * FROM `ajia_refund_order` WHERE ( `ro_refund_type` = 1 ) AND ( `ro_refund_status` = 0 ) LIMIT 0,1  -*-*-*-*-*
[ 2015-10-09T09:06:01+08:00 ] ERR: -*-*-*-*-*-*null-*-*-*-*-*
[ 2015-10-09T09:08:01+08:00 ] ERR: -*-*-*-*-*-*SELECT * FROM `ajia_refund_order` WHERE ( `ro_refund_type` = 1 ) AND ( `ro_refund_status` = 0 ) LIMIT 0,1  -*-*-*-*-*
[ 2015-10-09T09:08:01+08:00 ] ERR: -*-*-*-*-*-*null-*-*-*-*-*
[ 2015-10-09T09:10:01+08:00 ] ERR: -*-*-*-*-*-*SELECT * FROM `ajia_refund_order` WHERE ( `ro_refund_type` = 1 ) AND ( `ro_refund_status` = 0 ) LIMIT 0,1  -*-*-*-*-*
[ 2015-10-09T09:10:01+08:00 ] ERR: -*-*-*-*-*-*null-*-*-*-*-*
[ 2015-10-09T09:12:01+08:00 ] ERR: -*-*-*-*-*-*SELECT * FROM `ajia_refund_order` WHERE ( `ro_refund_type` = 1 ) AND ( `ro_refund_status` = 0 ) LIMIT 0,1  -*-*-*-*-*
[ 2015-10-09T09:12:01+08:00 ] ERR: -*-*-*-*-*-*null-*-*-*-*-*
[ 2015-10-09T09:14:02+08:00 ] ERR: -*-*-*-*-*-*SELECT * FROM `ajia_refund_order` WHERE ( `ro_refund_type` = 1 ) AND ( `ro_refund_status` = 0 ) LIMIT 0,1  -*-*-*-*-*
[ 2015-10-09T09:14:02+08:00 ] ERR: -*-*-*-*-*-*null-*-*-*-*-*
[ 2015-10-09T09:16:01+08:00 ] ERR: -*-*-*-*-*-*SELECT * FROM `ajia_refund_order` WHERE ( `ro_refund_type` = 1 ) AND ( `ro_refund_status` = 0 ) LIMIT 0,1  -*-*-*-*-*
[ 2015-10-09T09:16:01+08:00 ] ERR: -*-*-*-*-*-*null-*-*-*-*-*
[ 2015-10-09T09:18:01+08:00 ] ERR: -*-*-*-*-*-*SELECT * FROM `ajia_refund_order` WHERE ( `ro_refund_type` = 1 ) AND ( `ro_refund_status` = 0 ) LIMIT 0,1  -*-*-*-*-*
[ 2015-10-09T09:18:01+08:00 ] ERR: -*-*-*-*-*-*null-*-*-*-*-*
[ 2015-10-09T09:20:01+08:00 ] ERR: -*-*-*-*-*-*SELECT * FROM `ajia_refund_order` WHERE ( `ro_refund_type` = 1 ) AND ( `ro_refund_status` = 0 ) LIMIT 0,1  -*-*-*-*-*
[ 2015-10-09T09:20:01+08:00 ] ERR: -*-*-*-*-*-*null-*-*-*-*-*
[ 2015-10-09T09:22:01+08:00 ] ERR: -*-*-*-*-*-*SELECT * FROM `ajia_refund_order` WHERE ( `ro_refund_type` = 1 ) AND ( `ro_refund_status` = 0 ) LIMIT 0,1  -*-*-*-*-*
[ 2015-10-09T09:22:01+08:00 ] ERR: -*-*-*-*-*-*null-*-*-*-*-*
[ 2015-10-09T09:24:01+08:00 ] ERR: -*-*-*-*-*-*SELECT * FROM `ajia_refund_order` WHERE ( `ro_refund_type` = 1 ) AND ( `ro_refund_status` = 0 ) LIMIT 0,1  -*-*-*-*-*
[ 2015-10-09T09:24:01+08:00 ] ERR: -*-*-*-*-*-*null-*-*-*-*-*
[ 2015-10-09T09:26:01+08:00 ] ERR: -*-*-*-*-*-*SELECT * FROM `ajia_refund_order` WHERE ( `ro_refund_type` = 1 ) AND ( `ro_refund_status` = 0 ) LIMIT 0,1  -*-*-*-*-*
[ 2015-10-09T09:26:01+08:00 ] ERR: -*-*-*-*-*-*null-*-*-*-*-*
[ 2015-10-09T09:30:02+08:00 ] ERR: -*-*-*-*-*-*SELECT * FROM `ajia_refund_order` WHERE ( `ro_refund_type` = 1 ) AND ( `ro_refund_status` = 0 ) LIMIT 0,1  -*-*-*-*-*
[ 2015-10-09T09:32:01+08:00 ] ERR: -*-*-*-*-*-*SELECT * FROM `ajia_refund_order` WHERE ( `ro_refund_type` = 1 ) AND ( `ro_refund_status` = 0 ) LIMIT 0,1  -*-*-*-*-*
[ 2015-10-09T09:34:01+08:00 ] ERR: -*-*-*-*-*-*SELECT * FROM `ajia_refund_order` WHERE ( `ro_refund_type` = 1 ) AND ( `ro_refund_status` = 0 ) LIMIT 0,1  -*-*-*-*-*
[ 2015-10-09T09:36:01+08:00 ] ERR: -*-*-*-*-*-*SELECT * FROM `ajia_refund_order` WHERE ( `ro_refund_type` = 1 ) AND ( `ro_refund_status` = 0 ) LIMIT 0,1  -*-*-*-*-*
[ 2015-10-09T09:37:56+08:00 ] 192.168.159.1 /index.php/order/index.php?m=Order&a=createOrder
INFO: [ app_begin ] --START--
INFO: ReadHtmlCache Behavior ::run [ RunTime:0.000760s ]
INFO: [ app_begin ] --END-- [ RunTime:0.000798s ]
NOTIC: [2] session_start(): open(/tmp/session/sess_0p279a8jdc13ip61g7sj7d5et5, O_RDWR) failed: No such file or directory (2) /mnt/hgfs/thinkphp313/ThinkPHP/Common/functions.php 第 566 行.
NOTIC: [8192] mysql_escape_string(): This function is deprecated; use mysql_real_escape_string() instead. /mnt/hgfs/thinkphp313/ThinkPHP/Lib/Driver/Db/DbMysql.class.php 第 336 行.
NOTIC: [8192] mysql_escape_string(): This function is deprecated; use mysql_real_escape_string() instead. /mnt/hgfs/thinkphp313/ThinkPHP/Lib/Driver/Db/DbMysql.class.php 第 336 行.
NOTIC: [8192] mysql_connect(): The mysql extension is deprecated and will be removed in the future: use mysqli or PDO instead /mnt/hgfs/thinkphp313/ThinkPHP/Lib/Driver/Db/DbMysql.class.php 第 55 行.
SQL: INSERT INTO `ajia_order` (`order_no`,`pay_type`,`create_time`) VALUES ('956536938478',1,'2015-10-09 09:37:56') [ RunTime:0.001883s ]
NOTIC: [8] Undefined index:  /mnt/hgfs/thinkphp313/ThinkPHP/Extend/Driver/Cache/CacheRedisGroup.class.php 第 51 行.

[ 2015-10-09T09:38:01+08:00 ] ERR: -*-*-*-*-*-*SELECT * FROM `ajia_refund_order` WHERE ( `ro_refund_type` = 1 ) AND ( `ro_refund_status` = 0 ) LIMIT 0,1  -*-*-*-*-*
[ 2015-10-09T09:40:01+08:00 ] ERR: -*-*-*-*-*-*SELECT * FROM `ajia_refund_order` WHERE ( `ro_refund_type` = 1 ) AND ( `ro_refund_status` = 0 ) LIMIT 0,1  -*-*-*-*-*
[ 2015-10-09T09:42:01+08:00 ] ERR: -*-*-*-*-*-*SELECT * FROM `ajia_refund_order` WHERE ( `ro_refund_type` = 1 ) AND ( `ro_refund_status` = 0 ) LIMIT 0,1  -*-*-*-*-*
[ 2015-10-09T09:44:01+08:00 ] ERR: -*-*-*-*-*-*SELECT * FROM `ajia_refund_order` WHERE ( `ro_refund_type` = 1 ) AND ( `ro_refund_status` = 0 ) LIMIT 0,1  -*-*-*-*-*
[ 2015-10-09T09:46:01+08:00 ] ERR: -*-*-*-*-*-*SELECT * FROM `ajia_refund_order` WHERE ( `ro_refund_type` = 1 ) AND ( `ro_refund_status` = 0 ) LIMIT 0,1  -*-*-*-*-*
[ 2015-10-09T09:48:02+08:00 ] ERR: -*-*-*-*-*-*SELECT * FROM `ajia_refund_order` WHERE ( `ro_refund_type` = 1 ) AND ( `ro_refund_status` = 0 ) LIMIT 1,1  -*-*-*-*-*
[ 2015-10-09T09:50:01+08:00 ] ERR: -*-*-*-*-*-*SELECT * FROM `ajia_refund_order` WHERE ( `ro_refund_type` = 1 ) AND ( `ro_refund_status` = 0 ) LIMIT 0,1  -*-*-*-*-*
[ 2015-10-09T09:52:01+08:00 ] ERR: -*-*-*-*-*-*SELECT * FROM `ajia_refund_order` WHERE ( `ro_refund_type` = 1 ) AND ( `ro_refund_status` = 0 ) LIMIT 1,1  -*-*-*-*-*
[ 2015-10-09T09:54:01+08:00 ] ERR: -*-*-*-*-*-*SELECT * FROM `ajia_refund_order` WHERE ( `ro_refund_type` = 1 ) AND ( `ro_refund_status` = 0 ) LIMIT 0,1  -*-*-*-*-*
[ 2015-10-09T09:56:01+08:00 ] ERR: -*-*-*-*-*-*SELECT * FROM `ajia_refund_order` WHERE ( `ro_refund_type` = 1 ) AND ( `ro_refund_status` = 0 ) LIMIT 0,1  -*-*-*-*-*
[ 2015-10-09T09:58:01+08:00 ] ERR: -*-*-*-*-*-*SELECT * FROM `ajia_refund_order` WHERE ( `ro_refund_type` = 1 ) AND ( `ro_refund_status` = 0 ) LIMIT 0,1  -*-*-*-*-*
[ 2015-10-09T10:00:01+08:00 ] ERR: -*-*-*-*-*-*SELECT * FROM `ajia_refund_order` WHERE ( `ro_refund_type` = 1 ) AND ( `ro_refund_status` = 0 ) LIMIT 0,1  -*-*-*-*-*
[ 2015-10-09T10:02:01+08:00 ] ERR: -*-*-*-*-*-*SELECT * FROM `ajia_refund_order` WHERE ( `ro_refund_type` = 1 ) AND ( `ro_refund_status` = 0 ) LIMIT 0,1  -*-*-*-*-*
[ 2015-10-09T10:04:02+08:00 ] ERR: -*-*-*-*-*-*SELECT * FROM `ajia_refund_order` WHERE ( `ro_refund_type` = 1 ) AND ( `ro_refund_status` = 0 ) LIMIT 0,1  -*-*-*-*-*
[ 2015-10-09T10:06:01+08:00 ] ERR: -*-*-*-*-*-*SELECT * FROM `ajia_refund_order` WHERE ( `ro_refund_type` = 1 ) AND ( `ro_refund_status` = 0 ) LIMIT 0,1  -*-*-*-*-*
[ 2015-10-09T10:08:01+08:00 ] ERR: -*-*-*-*-*-*SELECT * FROM `ajia_refund_order` WHERE ( `ro_refund_type` = 1 ) AND ( `ro_refund_status` = 0 ) LIMIT 0,1  -*-*-*-*-*
[ 2015-10-09T10:10:01+08:00 ] ERR: -*-*-*-*-*-*SELECT * FROM `ajia_refund_order` WHERE ( `ro_refund_type` = 1 ) AND ( `ro_refund_status` = 0 ) LIMIT 0,1  -*-*-*-*-*
[ 2015-10-09T10:12:01+08:00 ] ERR: -*-*-*-*-*-*SELECT * FROM `ajia_refund_order` WHERE ( `ro_refund_type` = 1 ) AND ( `ro_refund_status` = 0 ) LIMIT 0,1  -*-*-*-*-*
[ 2015-10-09T10:14:01+08:00 ] ERR: -*-*-*-*-*-*SELECT * FROM `ajia_refund_order` WHERE ( `ro_refund_type` = 1 ) AND ( `ro_refund_status` = 0 ) LIMIT 0,1  -*-*-*-*-*
[ 2015-10-09T10:16:01+08:00 ] ERR: -*-*-*-*-*-*SELECT * FROM `ajia_refund_order` WHERE ( `ro_refund_type` = 1 ) AND ( `ro_refund_status` = 0 ) LIMIT 0,1  -*-*-*-*-*
[ 2015-10-09T10:18:01+08:00 ] ERR: -*-*-*-*-*-*SELECT * FROM `ajia_refund_order` WHERE ( `ro_refund_type` = 1 ) AND ( `ro_refund_status` = 0 ) LIMIT 0,1  -*-*-*-*-*
[ 2015-10-09T10:20:01+08:00 ] ERR: -*-*-*-*-*-*SELECT * FROM `ajia_refund_order` WHERE ( `ro_refund_type` = 1 ) AND ( `ro_refund_status` = 0 ) LIMIT 0,1  -*-*-*-*-*
[ 2015-10-09T10:22:01+08:00 ] ERR: -*-*-*-*-*-*SELECT * FROM `ajia_refund_order` WHERE ( `ro_refund_type` = 1 ) AND ( `ro_refund_status` = 0 ) LIMIT 0,1  -*-*-*-*-*
[ 2015-10-09T10:24:02+08:00 ] ERR: -*-*-*-*-*-*SELECT * FROM `ajia_refund_order` WHERE ( `ro_refund_type` = 1 ) AND ( `ro_refund_status` = 0 ) LIMIT 0,1  -*-*-*-*-*
[ 2015-10-09T10:26:01+08:00 ] ERR: -*-*-*-*-*-*SELECT * FROM `ajia_refund_order` WHERE ( `ro_refund_type` = 1 ) AND ( `ro_refund_status` = 0 ) LIMIT 0,1  -*-*-*-*-*
[ 2015-10-09T10:28:01+08:00 ] ERR: -*-*-*-*-*-*SELECT * FROM `ajia_refund_order` WHERE ( `ro_refund_type` = 1 ) AND ( `ro_refund_status` = 0 ) LIMIT 0,1  -*-*-*-*-*
[ 2015-10-09T10:30:01+08:00 ] ERR: -*-*-*-*-*-*SELECT * FROM `ajia_refund_order` WHERE ( `ro_refund_type` = 1 ) AND ( `ro_refund_status` = 0 ) LIMIT 0,1  -*-*-*-*-*
[ 2015-10-09T10:32:01+08:00 ] ERR: -*-*-*-*-*-*SELECT * FROM `ajia_refund_order` WHERE ( `ro_refund_type` = 1 ) AND ( `ro_refund_status` = 0 ) LIMIT 0,1  -*-*-*-*-*
[ 2015-10-09T10:34:01+08:00 ] ERR: -*-*-*-*-*-*SELECT * FROM `ajia_refund_order` WHERE ( `ro_refund_type` = 1 ) AND ( `ro_refund_status` = 0 ) LIMIT 0,1  -*-*-*-*-*
[ 2015-10-09T10:36:01+08:00 ] ERR: -*-*-*-*-*-*SELECT * FROM `ajia_refund_order` WHERE ( `ro_refund_type` = 1 ) AND ( `ro_refund_status` = 0 ) LIMIT 0,1  -*-*-*-*-*
[ 2015-10-09T10:38:01+08:00 ] ERR: -*-*-*-*-*-*SELECT * FROM `ajia_refund_order` WHERE ( `ro_refund_type` = 1 ) AND ( `ro_refund_status` = 0 ) LIMIT 0,1  -*-*-*-*-*
[ 2015-10-09T10:40:01+08:00 ] ERR: -*-*-*-*-*-*SELECT * FROM `ajia_refund_order` WHERE ( `ro_refund_type` = 1 ) AND ( `ro_refund_status` = 0 ) LIMIT 0,1  -*-*-*-*-*
[ 2015-10-09T10:42:02+08:00 ] ERR: -*-*-*-*-*-*SELECT * FROM `ajia_refund_order` WHERE ( `ro_refund_type` = 1 ) AND ( `ro_refund_status` = 0 ) LIMIT 0,1  -*-*-*-*-*
[ 2015-10-09T10:44:01+08:00 ] ERR: -*-*-*-*-*-*SELECT * FROM `ajia_refund_order` WHERE ( `ro_refund_type` = 1 ) AND ( `ro_refund_status` = 0 ) LIMIT 0,1  -*-*-*-*-*
[ 2015-10-09T10:46:01+08:00 ] ERR: -*-*-*-*-*-*SELECT * FROM `ajia_refund_order` WHERE ( `ro_refund_type` = 1 ) AND ( `ro_refund_status` = 0 ) LIMIT 0,1  -*-*-*-*-*
[ 2015-10-09T10:48:01+08:00 ] ERR: -*-*-*-*-*-*SELECT * FROM `ajia_refund_order` WHERE ( `ro_refund_type` = 1 ) AND ( `ro_refund_status` = 0 ) LIMIT 0,1  -*-*-*-*-*
[ 2015-10-09T10:50:01+08:00 ] ERR: -*-*-*-*-*-*SELECT * FROM `ajia_refund_order` WHERE ( `ro_refund_type` = 1 ) AND ( `ro_refund_status` = 0 ) LIMIT 0,1  -*-*-*-*-*
[ 2015-10-09T10:52:01+08:00 ] ERR: -*-*-*-*-*-*SELECT * FROM `ajia_refund_order` WHERE ( `ro_refund_type` = 1 ) AND ( `ro_refund_status` = 0 ) LIMIT 0,1  -*-*-*-*-*
[ 2015-10-09T10:54:01+08:00 ] ERR: -*-*-*-*-*-*SELECT * FROM `ajia_refund_order` WHERE ( `ro_refund_type` = 1 ) AND ( `ro_refund_status` = 0 ) LIMIT 0,1  -*-*-*-*-*
[ 2015-10-09T10:56:01+08:00 ] ERR: -*-*-*-*-*-*SELECT * FROM `ajia_refund_order` WHERE ( `ro_refund_type` = 1 ) AND ( `ro_refund_status` = 0 ) LIMIT 0,1  -*-*-*-*-*
