[ 2015-10-08T14:04:28+08:00 ] 192.168.159.156 /index.php/Pay
ERR: redis server connect failed {"host":"127.0.0.1","port":6379}

[ 2015-10-08T14:55:59+08:00 ] 192.168.159.156 /index.php/Pay/orderQueryg?out_trade_no=176549928349
ERR: 非法操作:orderQueryg

[ 2015-10-08T14:56:10+08:00 ] 192.168.159.156 /index.php/Pay/orderQueryg?out_trade_no=176549928349
ERR: 非法操作:orderQueryg

[ 2015-10-08T14:56:11+08:00 ] 192.168.159.156 /index.php/Pay/orderQueryg?out_trade_no=176549928349
ERR: 非法操作:orderQueryg

[ 2015-10-08T14:56:12+08:00 ] 192.168.159.156 /index.php/Pay/orderQueryg?out_trade_no=176549928349
ERR: 非法操作:orderQueryg

[ 2015-10-08T14:56:23+08:00 ] 192.168.159.156 /index.php/Pay/orderQueryg?out_trade_no=176549928349
ERR: 非法操作:orderQueryg

[ 2015-10-08T14:56:37+08:00 ] 192.168.159.156 /index.php/Pay/orderQueryg?out_trade_no=176549928349
ERR: 非法操作:orderQueryg

[ 2015-10-08T15:01:42+08:00 ] 192.168.159.156 /index.php/Pay/orderQuery789?out_trade_no=176549928349
ERR: 非法操作:orderQuery789

[ 2015-10-08T15:34:00+08:00 ] 192.168.159.1 /index.php/Pay/
ERR: redis server connect failed {"host":"127.0.0.1","port":6379}

[ 2015-10-08T15:37:31+08:00 ] 192.168.159.1 /index.php/order/index.php?m=Order&a=createOrder
INFO: [ app_begin ] --START--
INFO: ReadHtmlCache Behavior ::run [ RunTime:0.000524s ]
INFO: [ app_begin ] --END-- [ RunTime:0.000552s ]
NOTIC: [2] session_start(): open(/tmp/session/sess_0p279a8jdc13ip61g7sj7d5et5, O_RDWR) failed: No such file or directory (2) /mnt/hgfs/thinkphp313/ThinkPHP/Common/functions.php 第 566 行.
NOTIC: [8192] mysql_escape_string(): This function is deprecated; use mysql_real_escape_string() instead. /mnt/hgfs/thinkphp313/ThinkPHP/Lib/Driver/Db/DbMysql.class.php 第 336 行.
NOTIC: [8192] mysql_escape_string(): This function is deprecated; use mysql_real_escape_string() instead. /mnt/hgfs/thinkphp313/ThinkPHP/Lib/Driver/Db/DbMysql.class.php 第 336 行.
NOTIC: [8192] mysql_connect(): The mysql extension is deprecated and will be removed in the future: use mysqli or PDO instead /mnt/hgfs/thinkphp313/ThinkPHP/Lib/Driver/Db/DbMysql.class.php 第 55 行.
SQL: INSERT INTO `ajia_order` (`order_no`,`pay_type`,`create_time`) VALUES ('530438499181',1,'2015-10-08 15:37:31') [ RunTime:0.002204s ]
NOTIC: [8] Undefined index:  /mnt/hgfs/thinkphp313/ThinkPHP/Extend/Driver/Cache/CacheRedisGroup.class.php 第 51 行.

[ 2015-10-08T18:47:17+08:00 ] ERR: -*-*-*-*-*-*youxi-*-*-*-*-*
[ 2015-10-08T18:48:01+08:00 ] ERR: -*-*-*-*-*-*youxi-*-*-*-*-*
[ 2015-10-08T18:50:01+08:00 ] ERR: -*-*-*-*-*-*youxi-*-*-*-*-*
[ 2015-10-08T18:52:01+08:00 ] ERR: -*-*-*-*-*-*0,1-*-*-*-*-*
[ 2015-10-08T18:54:01+08:00 ] ERR: -*-*-*-*-*-*1,1-*-*-*-*-*
[ 2015-10-08T18:56:01+08:00 ] ERR: -*-*-*-*-*-*0,1-*-*-*-*-*
[ 2015-10-08T18:58:01+08:00 ] ERR: -*-*-*-*-*-*[{"ro_id":"2","ro_order_no":"530438499181","ro_refund_id":"2002270492201510080055239878","ro_refund_type":"1","ro_refund_fee":"1","ro_refund_status":"0","ro_refund_no":"910039650956"}]-*-*-*-*-*
[ 2015-10-08T19:00:01+08:00 ] ERR: -*-*-*-*-*-*null-*-*-*-*-*
[ 2015-10-08T19:02:02+08:00 ] ERR: -*-*-*-*-*-*SELECT * FROM `ajia_refund_order` WHERE ( `ro_refund_type` = 1 ) AND ( `ro_refund_status` = 0 ) LIMIT 0,1  -*-*-*-*-*
[ 2015-10-08T19:02:02+08:00 ] ERR: -*-*-*-*-*-*[{"ro_id":"1","ro_order_no":"864194116598","ro_refund_id":"2002270492201509300051994793","ro_refund_type":"1","ro_refund_fee":"1","ro_refund_status":"0","ro_refund_no":"108687870001"}]-*-*-*-*-*
[ 2015-10-08T19:04:01+08:00 ] ERR: -*-*-*-*-*-*SELECT * FROM `ajia_refund_order` WHERE ( `ro_refund_type` = 1 ) AND ( `ro_refund_status` = 0 ) LIMIT 1,1  -*-*-*-*-*
[ 2015-10-08T19:04:01+08:00 ] ERR: -*-*-*-*-*-*null-*-*-*-*-*
[ 2015-10-08T19:06:01+08:00 ] ERR: -*-*-*-*-*-*SELECT * FROM `ajia_refund_order` WHERE ( `ro_refund_type` = 1 ) AND ( `ro_refund_status` = 0 ) LIMIT 0,1  -*-*-*-*-*
[ 2015-10-08T19:06:01+08:00 ] ERR: -*-*-*-*-*-*[{"ro_id":"2","ro_order_no":"530438499181","ro_refund_id":"2002270492201510080055239878","ro_refund_type":"1","ro_refund_fee":"1","ro_refund_status":"0","ro_refund_no":"910039650956"}]-*-*-*-*-*
[ 2015-10-08T19:08:01+08:00 ] ERR: -*-*-*-*-*-*SELECT * FROM `ajia_refund_order` WHERE ( `ro_refund_type` = 1 ) AND ( `ro_refund_status` = 0 ) LIMIT 1,1  -*-*-*-*-*
[ 2015-10-08T19:08:01+08:00 ] ERR: -*-*-*-*-*-*null-*-*-*-*-*
[ 2015-10-08T19:10:01+08:00 ] ERR: -*-*-*-*-*-*SELECT * FROM `ajia_refund_order` WHERE ( `ro_refund_type` = 1 ) AND ( `ro_refund_status` = 0 ) LIMIT 0,1  -*-*-*-*-*
[ 2015-10-08T19:10:01+08:00 ] ERR: -*-*-*-*-*-*null-*-*-*-*-*
[ 2015-10-08T19:12:01+08:00 ] ERR: -*-*-*-*-*-*SELECT * FROM `ajia_refund_order` WHERE ( `ro_refund_type` = 1 ) AND ( `ro_refund_status` = 0 ) LIMIT 0,1  -*-*-*-*-*
[ 2015-10-08T19:12:01+08:00 ] ERR: -*-*-*-*-*-*null-*-*-*-*-*
[ 2015-10-08T19:14:01+08:00 ] ERR: -*-*-*-*-*-*SELECT * FROM `ajia_refund_order` WHERE ( `ro_refund_type` = 1 ) AND ( `ro_refund_status` = 0 ) LIMIT 0,1  -*-*-*-*-*
[ 2015-10-08T19:14:01+08:00 ] ERR: -*-*-*-*-*-*null-*-*-*-*-*
[ 2015-10-08T19:16:01+08:00 ] ERR: -*-*-*-*-*-*SELECT * FROM `ajia_refund_order` WHERE ( `ro_refund_type` = 1 ) AND ( `ro_refund_status` = 0 ) LIMIT 0,1  -*-*-*-*-*
[ 2015-10-08T19:16:01+08:00 ] ERR: -*-*-*-*-*-*null-*-*-*-*-*
[ 2015-10-08T19:18:01+08:00 ] ERR: -*-*-*-*-*-*SELECT * FROM `ajia_refund_order` WHERE ( `ro_refund_type` = 1 ) AND ( `ro_refund_status` = 0 ) LIMIT 0,1  -*-*-*-*-*
[ 2015-10-08T19:18:01+08:00 ] ERR: -*-*-*-*-*-*null-*-*-*-*-*
[ 2015-10-08T19:20:02+08:00 ] ERR: -*-*-*-*-*-*SELECT * FROM `ajia_refund_order` WHERE ( `ro_refund_type` = 1 ) AND ( `ro_refund_status` = 0 ) LIMIT 0,1  -*-*-*-*-*
[ 2015-10-08T19:20:02+08:00 ] ERR: -*-*-*-*-*-*null-*-*-*-*-*
[ 2015-10-08T19:22:01+08:00 ] ERR: -*-*-*-*-*-*SELECT * FROM `ajia_refund_order` WHERE ( `ro_refund_type` = 1 ) AND ( `ro_refund_status` = 0 ) LIMIT 0,1  -*-*-*-*-*
[ 2015-10-08T19:22:01+08:00 ] ERR: -*-*-*-*-*-*null-*-*-*-*-*
[ 2015-10-08T19:24:01+08:00 ] ERR: -*-*-*-*-*-*SELECT * FROM `ajia_refund_order` WHERE ( `ro_refund_type` = 1 ) AND ( `ro_refund_status` = 0 ) LIMIT 0,1  -*-*-*-*-*
[ 2015-10-08T19:24:01+08:00 ] ERR: -*-*-*-*-*-*null-*-*-*-*-*
[ 2015-10-08T19:26:01+08:00 ] ERR: -*-*-*-*-*-*SELECT * FROM `ajia_refund_order` WHERE ( `ro_refund_type` = 1 ) AND ( `ro_refund_status` = 0 ) LIMIT 0,1  -*-*-*-*-*
[ 2015-10-08T19:26:01+08:00 ] ERR: -*-*-*-*-*-*null-*-*-*-*-*
[ 2015-10-08T19:28:01+08:00 ] ERR: -*-*-*-*-*-*SELECT * FROM `ajia_refund_order` WHERE ( `ro_refund_type` = 1 ) AND ( `ro_refund_status` = 0 ) LIMIT 0,1  -*-*-*-*-*
[ 2015-10-08T19:28:01+08:00 ] ERR: -*-*-*-*-*-*null-*-*-*-*-*
[ 2015-10-08T19:30:01+08:00 ] ERR: -*-*-*-*-*-*SELECT * FROM `ajia_refund_order` WHERE ( `ro_refund_type` = 1 ) AND ( `ro_refund_status` = 0 ) LIMIT 0,1  -*-*-*-*-*
[ 2015-10-08T19:30:01+08:00 ] ERR: -*-*-*-*-*-*null-*-*-*-*-*
[ 2015-10-08T19:32:01+08:00 ] ERR: -*-*-*-*-*-*SELECT * FROM `ajia_refund_order` WHERE ( `ro_refund_type` = 1 ) AND ( `ro_refund_status` = 0 ) LIMIT 0,1  -*-*-*-*-*
[ 2015-10-08T19:32:01+08:00 ] ERR: -*-*-*-*-*-*null-*-*-*-*-*
[ 2015-10-08T19:34:01+08:00 ] ERR: -*-*-*-*-*-*SELECT * FROM `ajia_refund_order` WHERE ( `ro_refund_type` = 1 ) AND ( `ro_refund_status` = 0 ) LIMIT 0,1  -*-*-*-*-*
[ 2015-10-08T19:34:01+08:00 ] ERR: -*-*-*-*-*-*null-*-*-*-*-*
[ 2015-10-08T19:36:01+08:00 ] ERR: -*-*-*-*-*-*SELECT * FROM `ajia_refund_order` WHERE ( `ro_refund_type` = 1 ) AND ( `ro_refund_status` = 0 ) LIMIT 0,1  -*-*-*-*-*
[ 2015-10-08T19:36:01+08:00 ] ERR: -*-*-*-*-*-*null-*-*-*-*-*
[ 2015-10-08T19:38:01+08:00 ] ERR: -*-*-*-*-*-*SELECT * FROM `ajia_refund_order` WHERE ( `ro_refund_type` = 1 ) AND ( `ro_refund_status` = 0 ) LIMIT 0,1  -*-*-*-*-*
[ 2015-10-08T19:38:01+08:00 ] ERR: -*-*-*-*-*-*null-*-*-*-*-*
[ 2015-10-08T19:40:01+08:00 ] ERR: -*-*-*-*-*-*SELECT * FROM `ajia_refund_order` WHERE ( `ro_refund_type` = 1 ) AND ( `ro_refund_status` = 0 ) LIMIT 0,1  -*-*-*-*-*
[ 2015-10-08T19:40:01+08:00 ] ERR: -*-*-*-*-*-*null-*-*-*-*-*
[ 2015-10-08T19:42:02+08:00 ] ERR: -*-*-*-*-*-*SELECT * FROM `ajia_refund_order` WHERE ( `ro_refund_type` = 1 ) AND ( `ro_refund_status` = 0 ) LIMIT 0,1  -*-*-*-*-*
[ 2015-10-08T19:42:02+08:00 ] ERR: -*-*-*-*-*-*null-*-*-*-*-*
[ 2015-10-08T19:44:01+08:00 ] ERR: -*-*-*-*-*-*SELECT * FROM `ajia_refund_order` WHERE ( `ro_refund_type` = 1 ) AND ( `ro_refund_status` = 0 ) LIMIT 0,1  -*-*-*-*-*
[ 2015-10-08T19:44:01+08:00 ] ERR: -*-*-*-*-*-*null-*-*-*-*-*
[ 2015-10-08T19:46:01+08:00 ] ERR: -*-*-*-*-*-*SELECT * FROM `ajia_refund_order` WHERE ( `ro_refund_type` = 1 ) AND ( `ro_refund_status` = 0 ) LIMIT 0,1  -*-*-*-*-*
[ 2015-10-08T19:46:01+08:00 ] ERR: -*-*-*-*-*-*null-*-*-*-*-*
[ 2015-10-08T19:48:01+08:00 ] ERR: -*-*-*-*-*-*SELECT * FROM `ajia_refund_order` WHERE ( `ro_refund_type` = 1 ) AND ( `ro_refund_status` = 0 ) LIMIT 0,1  -*-*-*-*-*
[ 2015-10-08T19:48:01+08:00 ] ERR: -*-*-*-*-*-*null-*-*-*-*-*
[ 2015-10-08T19:50:01+08:00 ] ERR: -*-*-*-*-*-*SELECT * FROM `ajia_refund_order` WHERE ( `ro_refund_type` = 1 ) AND ( `ro_refund_status` = 0 ) LIMIT 0,1  -*-*-*-*-*
[ 2015-10-08T19:50:01+08:00 ] ERR: -*-*-*-*-*-*null-*-*-*-*-*
[ 2015-10-08T19:52:01+08:00 ] ERR: -*-*-*-*-*-*SELECT * FROM `ajia_refund_order` WHERE ( `ro_refund_type` = 1 ) AND ( `ro_refund_status` = 0 ) LIMIT 0,1  -*-*-*-*-*
[ 2015-10-08T19:52:01+08:00 ] ERR: -*-*-*-*-*-*null-*-*-*-*-*
[ 2015-10-08T19:54:01+08:00 ] ERR: -*-*-*-*-*-*SELECT * FROM `ajia_refund_order` WHERE ( `ro_refund_type` = 1 ) AND ( `ro_refund_status` = 0 ) LIMIT 0,1  -*-*-*-*-*
[ 2015-10-08T19:54:01+08:00 ] ERR: -*-*-*-*-*-*null-*-*-*-*-*
[ 2015-10-08T19:56:01+08:00 ] ERR: -*-*-*-*-*-*SELECT * FROM `ajia_refund_order` WHERE ( `ro_refund_type` = 1 ) AND ( `ro_refund_status` = 0 ) LIMIT 0,1  -*-*-*-*-*
[ 2015-10-08T19:56:01+08:00 ] ERR: -*-*-*-*-*-*null-*-*-*-*-*
[ 2015-10-08T19:58:01+08:00 ] ERR: -*-*-*-*-*-*SELECT * FROM `ajia_refund_order` WHERE ( `ro_refund_type` = 1 ) AND ( `ro_refund_status` = 0 ) LIMIT 0,1  -*-*-*-*-*
[ 2015-10-08T19:58:01+08:00 ] ERR: -*-*-*-*-*-*null-*-*-*-*-*
