[ 2015-10-14T17:28:48+08:00 ] 192.168.159.1 /index.php/index.php?m=Order&a=createOrder
INFO: [ app_begin ] --START--
INFO: ReadHtmlCache Behavior ::run [ RunTime:0.000654s ]
INFO: [ app_begin ] --END-- [ RunTime:0.000715s ]
NOTIC: [2] session_start(): open(/tmp/session/sess_jh6ni5f9vskmkef099btekg5m3, O_RDWR) failed: No such file or directory (2) /mnt/hgfs/thinkphp313/ThinkPHP/Common/functions.php 第 566 行.
NOTIC: [8192] mysql_escape_string(): This function is deprecated; use mysql_real_escape_string() instead. /mnt/hgfs/thinkphp313/ThinkPHP/Lib/Driver/Db/DbMysql.class.php 第 336 行.
NOTIC: [8192] mysql_escape_string(): This function is deprecated; use mysql_real_escape_string() instead. /mnt/hgfs/thinkphp313/ThinkPHP/Lib/Driver/Db/DbMysql.class.php 第 336 行.
NOTIC: [8192] mysql_connect(): The mysql extension is deprecated and will be removed in the future: use mysqli or PDO instead /mnt/hgfs/thinkphp313/ThinkPHP/Lib/Driver/Db/DbMysql.class.php 第 55 行.
SQL: INSERT INTO `ajia_order` (`order_no`,`pay_type`,`create_time`) VALUES ('722021150416',1,'2015-10-14 17:28:48') [ RunTime:0.017858s ]
NOTIC: [8] Undefined index:  /mnt/hgfs/thinkphp313/ThinkPHP/Extend/Driver/Cache/CacheRedisGroup.class.php 第 51 行.

[ 2015-10-14T18:29:16+08:00 ] 192.168.159.1 /index.php/index.php?m=Order&a=createOrder
INFO: [ app_begin ] --START--
INFO: ReadHtmlCache Behavior ::run [ RunTime:0.000552s ]
INFO: [ app_begin ] --END-- [ RunTime:0.000583s ]
NOTIC: [2] session_start(): open(/tmp/session/sess_jh6ni5f9vskmkef099btekg5m3, O_RDWR) failed: No such file or directory (2) /mnt/hgfs/thinkphp313/ThinkPHP/Common/functions.php 第 566 行.
NOTIC: [8192] mysql_escape_string(): This function is deprecated; use mysql_real_escape_string() instead. /mnt/hgfs/thinkphp313/ThinkPHP/Lib/Driver/Db/DbMysql.class.php 第 336 行.
NOTIC: [8192] mysql_escape_string(): This function is deprecated; use mysql_real_escape_string() instead. /mnt/hgfs/thinkphp313/ThinkPHP/Lib/Driver/Db/DbMysql.class.php 第 336 行.
NOTIC: [8192] mysql_connect(): The mysql extension is deprecated and will be removed in the future: use mysqli or PDO instead /mnt/hgfs/thinkphp313/ThinkPHP/Lib/Driver/Db/DbMysql.class.php 第 55 行.
SQL: INSERT INTO `ajia_order` (`order_no`,`pay_type`,`create_time`) VALUES ('627779376800',1,'2015-10-14 18:29:16') [ RunTime:0.009214s ]
NOTIC: [8] Undefined index:  /mnt/hgfs/thinkphp313/ThinkPHP/Extend/Driver/Cache/CacheRedisGroup.class.php 第 51 行.

[ 2015-10-14T18:29:19+08:00 ] 192.168.159.1 /index.php/index.php?m=Order&a=createOrder
INFO: [ app_begin ] --START--
INFO: ReadHtmlCache Behavior ::run [ RunTime:0.000818s ]
INFO: [ app_begin ] --END-- [ RunTime:0.000857s ]
NOTIC: [2] session_start(): open(/tmp/session/sess_jh6ni5f9vskmkef099btekg5m3, O_RDWR) failed: No such file or directory (2) /mnt/hgfs/thinkphp313/ThinkPHP/Common/functions.php 第 566 行.
NOTIC: [8192] mysql_escape_string(): This function is deprecated; use mysql_real_escape_string() instead. /mnt/hgfs/thinkphp313/ThinkPHP/Lib/Driver/Db/DbMysql.class.php 第 336 行.
NOTIC: [8192] mysql_escape_string(): This function is deprecated; use mysql_real_escape_string() instead. /mnt/hgfs/thinkphp313/ThinkPHP/Lib/Driver/Db/DbMysql.class.php 第 336 行.
NOTIC: [8192] mysql_connect(): The mysql extension is deprecated and will be removed in the future: use mysqli or PDO instead /mnt/hgfs/thinkphp313/ThinkPHP/Lib/Driver/Db/DbMysql.class.php 第 55 行.
SQL: INSERT INTO `ajia_order` (`order_no`,`pay_type`,`create_time`) VALUES ('651786787671',1,'2015-10-14 18:29:19') [ RunTime:0.009592s ]
NOTIC: [8] Undefined index:  /mnt/hgfs/thinkphp313/ThinkPHP/Extend/Driver/Cache/CacheRedisGroup.class.php 第 51 行.

[ 2015-10-14T18:30:09+08:00 ] 192.168.159.1 /index.php/index.php?m=Order&a=createOrder
INFO: [ app_begin ] --START--
INFO: ReadHtmlCache Behavior ::run [ RunTime:0.000546s ]
INFO: [ app_begin ] --END-- [ RunTime:0.000573s ]
NOTIC: [2] session_start(): open(/tmp/session/sess_jh6ni5f9vskmkef099btekg5m3, O_RDWR) failed: No such file or directory (2) /mnt/hgfs/thinkphp313/ThinkPHP/Common/functions.php 第 566 行.

[ 2015-10-14T18:30:47+08:00 ] 192.168.159.1 /index.php/index.php?m=Order&a=createOrder
INFO: [ app_begin ] --START--
INFO: ReadHtmlCache Behavior ::run [ RunTime:0.000603s ]
INFO: [ app_begin ] --END-- [ RunTime:0.000634s ]
NOTIC: [2] session_start(): open(/tmp/session/sess_jh6ni5f9vskmkef099btekg5m3, O_RDWR) failed: No such file or directory (2) /mnt/hgfs/thinkphp313/ThinkPHP/Common/functions.php 第 566 行.

[ 2015-10-14T18:31:18+08:00 ] 192.168.159.1 /index.php/index.php?m=Order&a=createOrder
INFO: [ app_begin ] --START--
INFO: ReadHtmlCache Behavior ::run [ RunTime:0.000903s ]
INFO: [ app_begin ] --END-- [ RunTime:0.000949s ]
NOTIC: [2] session_start(): open(/tmp/session/sess_jh6ni5f9vskmkef099btekg5m3, O_RDWR) failed: No such file or directory (2) /mnt/hgfs/thinkphp313/ThinkPHP/Common/functions.php 第 566 行.

[ 2015-10-14T18:31:25+08:00 ] 192.168.159.1 /index.php/index.php?m=Order&a=createOrder
INFO: [ app_begin ] --START--
INFO: ReadHtmlCache Behavior ::run [ RunTime:0.000582s ]
INFO: [ app_begin ] --END-- [ RunTime:0.000608s ]
NOTIC: [2] session_start(): open(/tmp/session/sess_jh6ni5f9vskmkef099btekg5m3, O_RDWR) failed: No such file or directory (2) /mnt/hgfs/thinkphp313/ThinkPHP/Common/functions.php 第 566 行.

[ 2015-10-14T18:31:27+08:00 ] 192.168.159.1 /index.php/index.php?m=Order&a=createOrder
INFO: [ app_begin ] --START--
INFO: ReadHtmlCache Behavior ::run [ RunTime:0.000757s ]
INFO: [ app_begin ] --END-- [ RunTime:0.000791s ]
NOTIC: [2] session_start(): open(/tmp/session/sess_jh6ni5f9vskmkef099btekg5m3, O_RDWR) failed: No such file or directory (2) /mnt/hgfs/thinkphp313/ThinkPHP/Common/functions.php 第 566 行.

[ 2015-10-14T18:31:29+08:00 ] 192.168.159.1 /index.php/index.php?m=Order&a=createOrder
INFO: [ app_begin ] --START--
INFO: ReadHtmlCache Behavior ::run [ RunTime:0.001003s ]
INFO: [ app_begin ] --END-- [ RunTime:0.001054s ]
NOTIC: [2] session_start(): open(/tmp/session/sess_jh6ni5f9vskmkef099btekg5m3, O_RDWR) failed: No such file or directory (2) /mnt/hgfs/thinkphp313/ThinkPHP/Common/functions.php 第 566 行.

[ 2015-10-14T18:31:42+08:00 ] 192.168.159.1 /index.php/index.php?m=Order&a=createOrder
INFO: [ app_begin ] --START--
INFO: ReadHtmlCache Behavior ::run [ RunTime:0.000634s ]
INFO: [ app_begin ] --END-- [ RunTime:0.000666s ]
NOTIC: [2] session_start(): open(/tmp/session/sess_jh6ni5f9vskmkef099btekg5m3, O_RDWR) failed: No such file or directory (2) /mnt/hgfs/thinkphp313/ThinkPHP/Common/functions.php 第 566 行.

[ 2015-10-14T18:31:56+08:00 ] 192.168.159.1 /index.php/index.php?m=Order&a=createOrder
INFO: [ app_begin ] --START--
INFO: ReadHtmlCache Behavior ::run [ RunTime:0.000679s ]
INFO: [ app_begin ] --END-- [ RunTime:0.000708s ]
NOTIC: [2] session_start(): open(/tmp/session/sess_jh6ni5f9vskmkef099btekg5m3, O_RDWR) failed: No such file or directory (2) /mnt/hgfs/thinkphp313/ThinkPHP/Common/functions.php 第 566 行.
NOTIC: [8192] mysql_escape_string(): This function is deprecated; use mysql_real_escape_string() instead. /mnt/hgfs/thinkphp313/ThinkPHP/Lib/Driver/Db/DbMysql.class.php 第 336 行.
NOTIC: [8192] mysql_escape_string(): This function is deprecated; use mysql_real_escape_string() instead. /mnt/hgfs/thinkphp313/ThinkPHP/Lib/Driver/Db/DbMysql.class.php 第 336 行.
NOTIC: [8192] mysql_connect(): The mysql extension is deprecated and will be removed in the future: use mysqli or PDO instead /mnt/hgfs/thinkphp313/ThinkPHP/Lib/Driver/Db/DbMysql.class.php 第 55 行.
SQL: INSERT INTO `ajia_order` (`order_no`,`pay_type`,`create_time`) VALUES ('163142177397',1,'2015-10-14 18:31:56') [ RunTime:0.009209s ]
NOTIC: [8] Undefined index:  /mnt/hgfs/thinkphp313/ThinkPHP/Extend/Driver/Cache/CacheRedisGroup.class.php 第 51 行.

[ 2015-10-14T19:47:50+08:00 ] 192.168.159.1 /index.php/index.php?m=Order&a=createOrder
INFO: [ app_begin ] --START--
INFO: ReadHtmlCache Behavior ::run [ RunTime:0.000935s ]
INFO: [ app_begin ] --END-- [ RunTime:0.001029s ]
NOTIC: [2] session_start(): open(/tmp/session/sess_jh6ni5f9vskmkef099btekg5m3, O_RDWR) failed: No such file or directory (2) /mnt/hgfs/thinkphp313/ThinkPHP/Common/functions.php 第 566 行.
NOTIC: [8192] mysql_escape_string(): This function is deprecated; use mysql_real_escape_string() instead. /mnt/hgfs/thinkphp313/ThinkPHP/Lib/Driver/Db/DbMysql.class.php 第 336 行.
NOTIC: [8192] mysql_escape_string(): This function is deprecated; use mysql_real_escape_string() instead. /mnt/hgfs/thinkphp313/ThinkPHP/Lib/Driver/Db/DbMysql.class.php 第 336 行.
NOTIC: [8192] mysql_connect(): The mysql extension is deprecated and will be removed in the future: use mysqli or PDO instead /mnt/hgfs/thinkphp313/ThinkPHP/Lib/Driver/Db/DbMysql.class.php 第 55 行.
SQL: INSERT INTO `ajia_order` (`order_no`,`pay_type`,`create_time`) VALUES ('662656510173',1,'2015-10-14 19:47:50') [ RunTime:0.001281s ]
NOTIC: [8] Undefined index:  /mnt/hgfs/thinkphp313/ThinkPHP/Extend/Driver/Cache/CacheRedisGroup.class.php 第 51 行.

[ 2015-10-14T19:51:21+08:00 ] 192.168.159.1 /index.php/index.php?m=Order&a=createOrder
INFO: [ app_begin ] --START--
INFO: ReadHtmlCache Behavior ::run [ RunTime:0.000725s ]
INFO: [ app_begin ] --END-- [ RunTime:0.000769s ]
NOTIC: [2] session_start(): open(/tmp/session/sess_jh6ni5f9vskmkef099btekg5m3, O_RDWR) failed: No such file or directory (2) /mnt/hgfs/thinkphp313/ThinkPHP/Common/functions.php 第 566 行.
NOTIC: [8192] mysql_escape_string(): This function is deprecated; use mysql_real_escape_string() instead. /mnt/hgfs/thinkphp313/ThinkPHP/Lib/Driver/Db/DbMysql.class.php 第 336 行.
NOTIC: [8192] mysql_escape_string(): This function is deprecated; use mysql_real_escape_string() instead. /mnt/hgfs/thinkphp313/ThinkPHP/Lib/Driver/Db/DbMysql.class.php 第 336 行.
NOTIC: [8192] mysql_connect(): The mysql extension is deprecated and will be removed in the future: use mysqli or PDO instead /mnt/hgfs/thinkphp313/ThinkPHP/Lib/Driver/Db/DbMysql.class.php 第 55 行.
SQL: INSERT INTO `ajia_order` (`order_no`,`pay_type`,`create_time`) VALUES ('270369032628',1,'2015-10-14 19:51:21') [ RunTime:0.009132s ]
NOTIC: [8] Undefined index:  /mnt/hgfs/thinkphp313/ThinkPHP/Extend/Driver/Cache/CacheRedisGroup.class.php 第 51 行.

[ 2015-10-14T19:51:33+08:00 ] 192.168.159.1 /index.php/index.php?m=Order&a=createOrder
INFO: [ app_begin ] --START--
INFO: ReadHtmlCache Behavior ::run [ RunTime:0.000541s ]
INFO: [ app_begin ] --END-- [ RunTime:0.000566s ]
NOTIC: [2] session_start(): open(/tmp/session/sess_jh6ni5f9vskmkef099btekg5m3, O_RDWR) failed: No such file or directory (2) /mnt/hgfs/thinkphp313/ThinkPHP/Common/functions.php 第 566 行.
NOTIC: [8192] mysql_escape_string(): This function is deprecated; use mysql_real_escape_string() instead. /mnt/hgfs/thinkphp313/ThinkPHP/Lib/Driver/Db/DbMysql.class.php 第 336 行.
NOTIC: [8192] mysql_escape_string(): This function is deprecated; use mysql_real_escape_string() instead. /mnt/hgfs/thinkphp313/ThinkPHP/Lib/Driver/Db/DbMysql.class.php 第 336 行.
NOTIC: [8192] mysql_connect(): The mysql extension is deprecated and will be removed in the future: use mysqli or PDO instead /mnt/hgfs/thinkphp313/ThinkPHP/Lib/Driver/Db/DbMysql.class.php 第 55 行.
SQL: INSERT INTO `ajia_order` (`order_no`,`pay_type`,`create_time`) VALUES ('747555363114',1,'2015-10-14 19:51:33') [ RunTime:0.009357s ]
NOTIC: [8] Undefined index:  /mnt/hgfs/thinkphp313/ThinkPHP/Extend/Driver/Cache/CacheRedisGroup.class.php 第 51 行.

[ 2015-10-14T20:02:39+08:00 ] 192.168.159.1 /index.php/index.php?m=Order&a=createOrder
INFO: [ app_begin ] --START--
INFO: ReadHtmlCache Behavior ::run [ RunTime:0.000749s ]
INFO: [ app_begin ] --END-- [ RunTime:0.000806s ]
NOTIC: [2] session_start(): open(/tmp/session/sess_jh6ni5f9vskmkef099btekg5m3, O_RDWR) failed: No such file or directory (2) /mnt/hgfs/thinkphp313/ThinkPHP/Common/functions.php 第 566 行.
NOTIC: [8192] mysql_escape_string(): This function is deprecated; use mysql_real_escape_string() instead. /mnt/hgfs/thinkphp313/ThinkPHP/Lib/Driver/Db/DbMysql.class.php 第 336 行.
NOTIC: [8192] mysql_escape_string(): This function is deprecated; use mysql_real_escape_string() instead. /mnt/hgfs/thinkphp313/ThinkPHP/Lib/Driver/Db/DbMysql.class.php 第 336 行.
NOTIC: [8192] mysql_connect(): The mysql extension is deprecated and will be removed in the future: use mysqli or PDO instead /mnt/hgfs/thinkphp313/ThinkPHP/Lib/Driver/Db/DbMysql.class.php 第 55 行.
SQL: INSERT INTO `ajia_order` (`order_no`,`pay_type`,`create_time`) VALUES ('700198252359',1,'2015-10-14 20:02:39') [ RunTime:0.011277s ]
NOTIC: [8] Undefined index:  /mnt/hgfs/thinkphp313/ThinkPHP/Extend/Driver/Cache/CacheRedisGroup.class.php 第 51 行.

[ 2015-10-14T20:05:40+08:00 ] 192.168.159.1 /index.php/index.php?m=Order&a=createOrder
INFO: [ app_begin ] --START--
INFO: ReadHtmlCache Behavior ::run [ RunTime:0.000563s ]
INFO: [ app_begin ] --END-- [ RunTime:0.000592s ]
NOTIC: [2] session_start(): open(/tmp/session/sess_jh6ni5f9vskmkef099btekg5m3, O_RDWR) failed: No such file or directory (2) /mnt/hgfs/thinkphp313/ThinkPHP/Common/functions.php 第 566 行.
NOTIC: [8192] mysql_escape_string(): This function is deprecated; use mysql_real_escape_string() instead. /mnt/hgfs/thinkphp313/ThinkPHP/Lib/Driver/Db/DbMysql.class.php 第 336 行.
NOTIC: [8192] mysql_escape_string(): This function is deprecated; use mysql_real_escape_string() instead. /mnt/hgfs/thinkphp313/ThinkPHP/Lib/Driver/Db/DbMysql.class.php 第 336 行.
NOTIC: [8192] mysql_connect(): The mysql extension is deprecated and will be removed in the future: use mysqli or PDO instead /mnt/hgfs/thinkphp313/ThinkPHP/Lib/Driver/Db/DbMysql.class.php 第 55 行.
SQL: INSERT INTO `ajia_order` (`order_no`,`pay_type`,`create_time`) VALUES ('239423484150',1,'2015-10-14 20:05:39') [ RunTime:0.009441s ]
NOTIC: [8] Undefined index:  /mnt/hgfs/thinkphp313/ThinkPHP/Extend/Driver/Cache/CacheRedisGroup.class.php 第 51 行.

[ 2015-10-14T20:07:00+08:00 ] 192.168.159.1 /index.php/index.php?m=Order&a=createOrder
INFO: [ app_begin ] --START--
INFO: ReadHtmlCache Behavior ::run [ RunTime:0.000550s ]
INFO: [ app_begin ] --END-- [ RunTime:0.000579s ]
NOTIC: [2] session_start(): open(/tmp/session/sess_jh6ni5f9vskmkef099btekg5m3, O_RDWR) failed: No such file or directory (2) /mnt/hgfs/thinkphp313/ThinkPHP/Common/functions.php 第 566 行.
NOTIC: [8192] mysql_escape_string(): This function is deprecated; use mysql_real_escape_string() instead. /mnt/hgfs/thinkphp313/ThinkPHP/Lib/Driver/Db/DbMysql.class.php 第 336 行.
NOTIC: [8192] mysql_escape_string(): This function is deprecated; use mysql_real_escape_string() instead. /mnt/hgfs/thinkphp313/ThinkPHP/Lib/Driver/Db/DbMysql.class.php 第 336 行.
NOTIC: [8192] mysql_connect(): The mysql extension is deprecated and will be removed in the future: use mysqli or PDO instead /mnt/hgfs/thinkphp313/ThinkPHP/Lib/Driver/Db/DbMysql.class.php 第 55 行.
SQL: INSERT INTO `ajia_order` (`order_no`,`pay_type`,`create_time`) VALUES ('230369282404',1,'2015-10-14 20:07:00') [ RunTime:0.001593s ]
NOTIC: [8] Undefined index:  /mnt/hgfs/thinkphp313/ThinkPHP/Extend/Driver/Cache/CacheRedisGroup.class.php 第 51 行.

[ 2015-10-14T20:07:37+08:00 ] 192.168.159.1 /index.php/index.php?m=Order&a=createOrder
INFO: [ app_begin ] --START--
INFO: ReadHtmlCache Behavior ::run [ RunTime:0.000605s ]
INFO: [ app_begin ] --END-- [ RunTime:0.000656s ]
NOTIC: [2] session_start(): open(/tmp/session/sess_jh6ni5f9vskmkef099btekg5m3, O_RDWR) failed: No such file or directory (2) /mnt/hgfs/thinkphp313/ThinkPHP/Common/functions.php 第 566 行.
NOTIC: [8192] mysql_escape_string(): This function is deprecated; use mysql_real_escape_string() instead. /mnt/hgfs/thinkphp313/ThinkPHP/Lib/Driver/Db/DbMysql.class.php 第 336 行.
NOTIC: [8192] mysql_escape_string(): This function is deprecated; use mysql_real_escape_string() instead. /mnt/hgfs/thinkphp313/ThinkPHP/Lib/Driver/Db/DbMysql.class.php 第 336 行.
NOTIC: [8192] mysql_connect(): The mysql extension is deprecated and will be removed in the future: use mysqli or PDO instead /mnt/hgfs/thinkphp313/ThinkPHP/Lib/Driver/Db/DbMysql.class.php 第 55 行.
SQL: INSERT INTO `ajia_order` (`order_no`,`pay_type`,`create_time`) VALUES ('671880522641',1,'2015-10-14 20:07:37') [ RunTime:0.001304s ]
NOTIC: [8] Undefined index:  /mnt/hgfs/thinkphp313/ThinkPHP/Extend/Driver/Cache/CacheRedisGroup.class.php 第 51 行.

[ 2015-10-14T20:10:16+08:00 ] 192.168.159.1 /index.php/index.php?m=Order&a=createOrder
INFO: [ app_begin ] --START--
INFO: ReadHtmlCache Behavior ::run [ RunTime:0.000845s ]
INFO: [ app_begin ] --END-- [ RunTime:0.001009s ]
NOTIC: [2] session_start(): open(/tmp/session/sess_jh6ni5f9vskmkef099btekg5m3, O_RDWR) failed: No such file or directory (2) /mnt/hgfs/thinkphp313/ThinkPHP/Common/functions.php 第 566 行.
NOTIC: [8192] mysql_escape_string(): This function is deprecated; use mysql_real_escape_string() instead. /mnt/hgfs/thinkphp313/ThinkPHP/Lib/Driver/Db/DbMysql.class.php 第 336 行.
NOTIC: [8192] mysql_escape_string(): This function is deprecated; use mysql_real_escape_string() instead. /mnt/hgfs/thinkphp313/ThinkPHP/Lib/Driver/Db/DbMysql.class.php 第 336 行.
NOTIC: [8192] mysql_connect(): The mysql extension is deprecated and will be removed in the future: use mysqli or PDO instead /mnt/hgfs/thinkphp313/ThinkPHP/Lib/Driver/Db/DbMysql.class.php 第 55 行.
SQL: INSERT INTO `ajia_order` (`order_no`,`pay_type`,`create_time`) VALUES ('386918334291',1,'2015-10-14 20:10:16') [ RunTime:0.009878s ]
NOTIC: [8] Undefined index:  /mnt/hgfs/thinkphp313/ThinkPHP/Extend/Driver/Cache/CacheRedisGroup.class.php 第 51 行.

